# JRE version: Java(TM) SE Runtime Environment (20.0.1+9) (build 20.0.1+9-29)
# Java VM: Java HotSpot(TM) 64-Bit Server VM (20.0.1+9-29, mixed mode, sharing, tiered, compressed oops, compressed class ptrs, g1 gc, windows-amd64)
GC Precious Log:
 CardTable entry size: 512
 Card Set container configuration: InlinePtr #cards 5 size 8 Array Of Cards #cards 12 size 40 Howl #buckets 4 coarsen threshold 1843 Howl Bitmap #cards 512 size 80 coarsen threshold 460 Card regions per heap region 1 cards per card region 2048
 CPUs: 2 total, 2 available
 Memory: 8014M
 Large Page Support: Disabled
 NUMA Support: Disabled
 Compressed Oops: Enabled (32-bit)
 Heap Region Size: 1M
 Heap Min Capacity: 8M
 Heap Initial Capacity: 126M
 Heap Max Capacity: 2004M
 Pre-touch: Disabled
 Parallel Workers: 2
 Concurrent Workers: 1
 Concurrent Refinement Workers: 2
 Periodic GC: Disabled
Heap:
 garbage-first heap   total 48128K, used 32793K [0x0000000082c00000, 0x0000000100000000)
  region size 1024K, 21 young (21504K), 3 survivors (3072K)
 Metaspace       used 29604K, committed 30208K, reserved 1114112K
  class space    used 3645K, committed 3904K, reserved 1048576K
GC Heap History (12 events):
Event: 3.962 GC heap before
{Heap before GC invocations=0 (full 0):
 garbage-first heap   total 129024K, used 6144K [0x0000000082c00000, 0x0000000100000000)
  region size 1024K, 6 young (6144K), 0 survivors (0K)
 Metaspace       used 399K, committed 576K, reserved 1114112K
  class space    used 17K, committed 128K, reserved 1048576K
}
Event: 3.999 GC heap after
{Heap after GC invocations=1 (full 0):
 garbage-first heap   total 129024K, used 5376K [0x0000000082c00000, 0x0000000100000000)
  region size 1024K, 1 young (1024K), 1 survivors (1024K)
 Metaspace       used 399K, committed 576K, reserved 1114112K
  class space    used 17K, committed 128K, reserved 1048576K
}
Event: 6.168 GC heap before
{Heap before GC invocations=1 (full 0):
 garbage-first heap   total 129024K, used 10496K [0x0000000082c00000, 0x0000000100000000)
  region size 1024K, 6 young (6144K), 1 survivors (1024K)
 Metaspace       used 3063K, committed 3264K, reserved 1114112K
  class space    used 282K, committed 384K, reserved 1048576K
}
Event: 6.174 GC heap after
{Heap after GC invocations=2 (full 0):
 garbage-first heap   total 129024K, used 6592K [0x0000000082c00000, 0x0000000100000000)
  region size 1024K, 1 young (1024K), 1 survivors (1024K)
 Metaspace       used 3063K, committed 3264K, reserved 1114112K
  class space    used 282K, committed 384K, reserved 1048576K
}
Event: 8.543 GC heap before
{Heap before GC invocations=2 (full 0):
 garbage-first heap   total 129024K, used 14784K [0x0000000082c00000, 0x0000000100000000)
  region size 1024K, 9 young (9216K), 1 survivors (1024K)
 Metaspace       used 5977K, committed 6208K, reserved 1114112K
  class space    used 661K, committed 768K, reserved 1048576K
}
Event: 8.553 GC heap after
{Heap after GC invocations=3 (full 0):
 garbage-first heap   total 129024K, used 7527K [0x0000000082c00000, 0x0000000100000000)
  region size 1024K, 2 young (2048K), 2 survivors (2048K)
 Metaspace       used 5977K, committed 6208K, reserved 1114112K
  class space    used 661K, committed 768K, reserved 1048576K
}
Event: 13.261 GC heap before
{Heap before GC invocations=3 (full 0):
 garbage-first heap   total 129024K, used 41319K [0x0000000082c00000, 0x0000000100000000)
  region size 1024K, 36 young (36864K), 2 survivors (2048K)
 Metaspace       used 15620K, committed 15872K, reserved 1114112K
  class space    used 1865K, committed 1984K, reserved 1048576K
}
Event: 13.278 GC heap after
{Heap after GC invocations=4 (full 0):
 garbage-first heap   total 129024K, used 10265K [0x0000000082c00000, 0x0000000100000000)
  region size 1024K, 5 young (5120K), 5 survivors (5120K)
 Metaspace       used 15620K, committed 15872K, reserved 1114112K
  class space    used 1865K, committed 1984K, reserved 1048576K
}
Event: 19.754 GC heap before
{Heap before GC invocations=4 (full 0):
 garbage-first heap   total 129024K, used 47129K [0x0000000082c00000, 0x0000000100000000)
  region size 1024K, 42 young (43008K), 5 survivors (5120K)
 Metaspace       used 21203K, committed 21504K, reserved 1114112K
  class space    used 2528K, committed 2688K, reserved 1048576K
}
Event: 19.776 GC heap after
{Heap after GC invocations=5 (full 0):
 garbage-first heap   total 129024K, used 13795K [0x0000000082c00000, 0x0000000100000000)
  region size 1024K, 7 young (7168K), 7 survivors (7168K)
 Metaspace       used 21203K, committed 21504K, reserved 1114112K
  class space    used 2528K, committed 2688K, reserved 1048576K
}
Event: 22.980 GC heap before
{Heap before GC invocations=6 (full 0):
 garbage-first heap   total 48128K, used 35299K [0x0000000082c00000, 0x0000000100000000)
  region size 1024K, 28 young (28672K), 7 survivors (7168K)
 Metaspace       used 25848K, committed 26368K, reserved 1114112K
  class space    used 3193K, committed 3456K, reserved 1048576K
}
Event: 23.014 GC heap after
{Heap after GC invocations=7 (full 0):
 garbage-first heap   total 48128K, used 16409K [0x0000000082c00000, 0x0000000100000000)
  region size 1024K, 3 young (3072K), 3 survivors (3072K)
 Metaspace       used 25848K, committed 26368K, reserved 1114112K
  class space    used 3193K, committed 3456K, reserved 1048576K
}

