# JRE version: Java(TM) SE Runtime Environment (20.0.1+9) (build 20.0.1+9-29)
# Java VM: Java HotSpot(TM) 64-Bit Server VM (20.0.1+9-29, mixed mode, sharing, tiered, compressed oops, compressed class ptrs, g1 gc, windows-amd64)
GC Precious Log:
 CardTable entry size: 512
 Card Set container configuration: InlinePtr #cards 5 size 8 Array Of Cards #cards 12 size 40 Howl #buckets 4 coarsen threshold 1843 Howl Bitmap #cards 512 size 80 coarsen threshold 460 Card regions per heap region 1 cards per card region 2048
 CPUs: 2 total, 2 available
 Memory: 8014M
 Large Page Support: Disabled
 NUMA Support: Disabled
 Compressed Oops: Enabled (32-bit)
 Heap Region Size: 1M
 Heap Min Capacity: 8M
 Heap Initial Capacity: 126M
 Heap Max Capacity: 2004M
 Pre-touch: Disabled
 Parallel Workers: 2
 Concurrent Workers: 1
 Concurrent Refinement Workers: 2
 Periodic GC: Disabled
Heap:
 garbage-first heap   total 48128K, used 25724K [0x0000000082c00000, 0x0000000100000000)
  region size 1024K, 11 young (11264K), 2 survivors (2048K)
 Metaspace       used 32864K, committed 33408K, reserved 1114112K
  class space    used 4149K, committed 4416K, reserved 1048576K
GC Heap History (14 events):
Event: 3.708 GC heap before
{Heap before GC invocations=0 (full 0):
 garbage-first heap   total 129024K, used 6144K [0x0000000082c00000, 0x0000000100000000)
  region size 1024K, 6 young (6144K), 0 survivors (0K)
 Metaspace       used 396K, committed 576K, reserved 1114112K
  class space    used 17K, committed 128K, reserved 1048576K
}
Event: 3.713 GC heap after
{Heap after GC invocations=1 (full 0):
 garbage-first heap   total 129024K, used 5232K [0x0000000082c00000, 0x0000000100000000)
  region size 1024K, 1 young (1024K), 1 survivors (1024K)
 Metaspace       used 396K, committed 576K, reserved 1114112K
  class space    used 17K, committed 128K, reserved 1048576K
}
Event: 8.804 GC heap before
{Heap before GC invocations=1 (full 0):
 garbage-first heap   total 129024K, used 10352K [0x0000000082c00000, 0x0000000100000000)
  region size 1024K, 6 young (6144K), 1 survivors (1024K)
 Metaspace       used 3058K, committed 3264K, reserved 1114112K
  class space    used 282K, committed 384K, reserved 1048576K
}
Event: 8.809 GC heap after
{Heap after GC invocations=2 (full 0):
 garbage-first heap   total 129024K, used 6665K [0x0000000082c00000, 0x0000000100000000)
  region size 1024K, 1 young (1024K), 1 survivors (1024K)
 Metaspace       used 3058K, committed 3264K, reserved 1114112K
  class space    used 282K, committed 384K, reserved 1048576K
}
Event: 11.703 GC heap before
{Heap before GC invocations=2 (full 0):
 garbage-first heap   total 129024K, used 14857K [0x0000000082c00000, 0x0000000100000000)
  region size 1024K, 9 young (9216K), 1 survivors (1024K)
 Metaspace       used 5995K, committed 6208K, reserved 1114112K
  class space    used 664K, committed 768K, reserved 1048576K
}
Event: 11.709 GC heap after
{Heap after GC invocations=3 (full 0):
 garbage-first heap   total 129024K, used 7454K [0x0000000082c00000, 0x0000000100000000)
  region size 1024K, 2 young (2048K), 2 survivors (2048K)
 Metaspace       used 5995K, committed 6208K, reserved 1114112K
  class space    used 664K, committed 768K, reserved 1048576K
}
Event: 30.291 GC heap before
{Heap before GC invocations=3 (full 0):
 garbage-first heap   total 129024K, used 43294K [0x0000000082c00000, 0x0000000100000000)
  region size 1024K, 38 young (38912K), 2 survivors (2048K)
 Metaspace       used 16250K, committed 16576K, reserved 1114112K
  class space    used 1956K, committed 2112K, reserved 1048576K
}
Event: 30.305 GC heap after
{Heap after GC invocations=4 (full 0):
 garbage-first heap   total 129024K, used 10639K [0x0000000082c00000, 0x0000000100000000)
  region size 1024K, 5 young (5120K), 5 survivors (5120K)
 Metaspace       used 16250K, committed 16576K, reserved 1114112K
  class space    used 1956K, committed 2112K, reserved 1048576K
}
Event: 48.640 GC heap before
{Heap before GC invocations=4 (full 0):
 garbage-first heap   total 129024K, used 45455K [0x0000000082c00000, 0x0000000100000000)
  region size 1024K, 40 young (40960K), 5 survivors (5120K)
 Metaspace       used 21202K, committed 21504K, reserved 1114112K
  class space    used 2524K, committed 2688K, reserved 1048576K
}
Event: 48.657 GC heap after
{Heap after GC invocations=5 (full 0):
 garbage-first heap   total 129024K, used 13872K [0x0000000082c00000, 0x0000000100000000)
  region size 1024K, 7 young (7168K), 7 survivors (7168K)
 Metaspace       used 21202K, committed 21504K, reserved 1114112K
  class space    used 2524K, committed 2688K, reserved 1048576K
}
Event: 57.219 GC heap before
{Heap before GC invocations=6 (full 0):
 garbage-first heap   total 48128K, used 35376K [0x0000000082c00000, 0x0000000100000000)
  region size 1024K, 28 young (28672K), 7 survivors (7168K)
 Metaspace       used 25837K, committed 26368K, reserved 1114112K
  class space    used 3191K, committed 3456K, reserved 1048576K
}
Event: 57.243 GC heap after
{Heap after GC invocations=7 (full 0):
 garbage-first heap   total 48128K, used 16204K [0x0000000082c00000, 0x0000000100000000)
  region size 1024K, 3 young (3072K), 3 survivors (3072K)
 Metaspace       used 25837K, committed 26368K, reserved 1114112K
  class space    used 3191K, committed 3456K, reserved 1048576K
}
Event: 64.307 GC heap before
{Heap before GC invocations=7 (full 0):
 garbage-first heap   total 48128K, used 37708K [0x0000000082c00000, 0x0000000100000000)
  region size 1024K, 24 young (24576K), 3 survivors (3072K)
 Metaspace       used 30484K, committed 31040K, reserved 1114112K
  class space    used 3781K, committed 4032K, reserved 1048576K
}
Event: 64.329 GC heap after
{Heap after GC invocations=8 (full 0):
 garbage-first heap   total 48128K, used 17532K [0x0000000082c00000, 0x0000000100000000)
  region size 1024K, 2 young (2048K), 2 survivors (2048K)
 Metaspace       used 30484K, committed 31040K, reserved 1114112K
  class space    used 3781K, committed 4032K, reserved 1048576K
}

